<?xml version="1.0" encoding="UTF-8"?>
<testng-results skipped="0" failed="1" total="1" passed="0">
  <reporter-output>
    <line>
      <![CDATA[Launching ChromDriver tests]]>
    </line>
    <line>
      <![CDATA[Verifying Menu Item: PLAN YOUR TRIP
Expected web page: https://www.skiutah.com/plan
Actual web page: https://www.skiutah.com/members/listing
FAIL]]>
    </line>
    <line>
      <![CDATA[Verifying Menu Item: RESORTS & SNOW
Expected web page: https://www.skiutah.com/resorts
Actual web page: https://www.skiutah.com/snowreport
FAIL]]>
    </line>
    <line>
      <![CDATA[Verifying Menu Item: STORIES
Expected web page: https://www.skiutah.com/skiutah-blog
Actual web page: https://www.skiutah.com/blog
FAIL]]>
    </line>
    <line>
      <![CDATA[Verifying Menu Item: DEALS
Expected web page: https://www.skiutah.com/deals
Actual web page: https://www.skiutah.com/deals-search
FAIL]]>
    </line>
    <line>
      <![CDATA[Verifying Menu Item: PASSES
Expected web page: https://www.skiutah.com/passes
Actual web page: https://www.skiutah.com/passes/resort-season-passes
FAIL]]>
    </line>
    <line>
      <![CDATA[Verifying Menu Item: EXPLORE
Expected web page: https://www.skiutah.com/explore
Actual web page: https://www.skiutah.com/explore/utah-regions-101
FAIL]]>
    </line>
  </reporter-output>
  <suite name="Default suite" duration-ms="23592" started-at="2016-07-05T20:46:57Z" finished-at="2016-07-05T20:47:21Z">
    <groups>
    </groups>
    <test name="Default test" duration-ms="23592" started-at="2016-07-05T20:46:57Z" finished-at="2016-07-05T20:47:21Z">
      <class name="testPackage.QAAutomation2">
        <test-method status="PASS" signature="setUp()[pri:0, instance:testPackage.QAAutomation2@20e2cbe0]" name="setUp" is-config="true" duration-ms="6" started-at="2016-07-05T14:46:57Z" finished-at="2016-07-05T14:46:57Z">
          <reporter-output>
          </reporter-output>
        </test-method> <!-- setUp -->
        <test-method status="FAIL" signature="verifyChrome()[pri:0, instance:testPackage.QAAutomation2@20e2cbe0]" name="verifyChrome" duration-ms="23577" started-at="2016-07-05T14:46:57Z" finished-at="2016-07-05T14:47:21Z">
          <exception class="java.lang.AssertionError">
            <full-stacktrace>
              <![CDATA[java.lang.AssertionError
	at testPackage.QAAutomation2.verifyChrome(QAAutomation2.java:120)
	at sun.reflect.NativeMethodAccessorImpl.invoke0(Native Method)
	at sun.reflect.NativeMethodAccessorImpl.invoke(Unknown Source)
	at sun.reflect.DelegatingMethodAccessorImpl.invoke(Unknown Source)
	at java.lang.reflect.Method.invoke(Unknown Source)
	at org.testng.internal.MethodInvocationHelper.invokeMethod(MethodInvocationHelper.java:85)
	at org.testng.internal.Invoker.invokeMethod(Invoker.java:639)
	at org.testng.internal.Invoker.invokeTestMethod(Invoker.java:816)
	at org.testng.internal.Invoker.invokeTestMethods(Invoker.java:1124)
	at org.testng.internal.TestMethodWorker.invokeTestMethods(TestMethodWorker.java:125)
	at org.testng.internal.TestMethodWorker.run(TestMethodWorker.java:108)
	at org.testng.TestRunner.privateRun(TestRunner.java:774)
	at org.testng.TestRunner.run(TestRunner.java:624)
	at org.testng.SuiteRunner.runTest(SuiteRunner.java:359)
	at org.testng.SuiteRunner.runSequentially(SuiteRunner.java:354)
	at org.testng.SuiteRunner.privateRun(SuiteRunner.java:312)
	at org.testng.SuiteRunner.run(SuiteRunner.java:261)
	at org.testng.SuiteRunnerWorker.runSuite(SuiteRunnerWorker.java:52)
	at org.testng.SuiteRunnerWorker.run(SuiteRunnerWorker.java:86)
	at org.testng.TestNG.runSuitesSequentially(TestNG.java:1215)
	at org.testng.TestNG.runSuitesLocally(TestNG.java:1140)
	at org.testng.TestNG.run(TestNG.java:1048)
	at org.testng.remote.AbstractRemoteTestNG.run(AbstractRemoteTestNG.java:126)
	at org.testng.remote.RemoteTestNG.initAndRun(RemoteTestNG.java:137)
	at org.testng.remote.RemoteTestNG.main(RemoteTestNG.java:58)
]]>
            </full-stacktrace>
          </exception> <!-- java.lang.AssertionError -->
          <reporter-output>
            <line>
              <![CDATA[Launching ChromDriver tests]]>
            </line>
            <line>
              <![CDATA[Verifying Menu Item: PLAN YOUR TRIP
Expected web page: https://www.skiutah.com/plan
Actual web page: https://www.skiutah.com/members/listing
FAIL]]>
            </line>
            <line>
              <![CDATA[Verifying Menu Item: RESORTS & SNOW
Expected web page: https://www.skiutah.com/resorts
Actual web page: https://www.skiutah.com/snowreport
FAIL]]>
            </line>
            <line>
              <![CDATA[Verifying Menu Item: STORIES
Expected web page: https://www.skiutah.com/skiutah-blog
Actual web page: https://www.skiutah.com/blog
FAIL]]>
            </line>
            <line>
              <![CDATA[Verifying Menu Item: DEALS
Expected web page: https://www.skiutah.com/deals
Actual web page: https://www.skiutah.com/deals-search
FAIL]]>
            </line>
            <line>
              <![CDATA[Verifying Menu Item: PASSES
Expected web page: https://www.skiutah.com/passes
Actual web page: https://www.skiutah.com/passes/resort-season-passes
FAIL]]>
            </line>
            <line>
              <![CDATA[Verifying Menu Item: EXPLORE
Expected web page: https://www.skiutah.com/explore
Actual web page: https://www.skiutah.com/explore/utah-regions-101
FAIL]]>
            </line>
          </reporter-output>
        </test-method> <!-- verifyChrome -->
      </class> <!-- testPackage.QAAutomation2 -->
    </test> <!-- Default test -->
  </suite> <!-- Default suite -->
</testng-results>
